<?xml version="1.0" encoding="UTF-8"?>
<!-- Generated by org.testng.reporters.JUnitReportReporter -->
<testsuite skipped="0" hostname="AIPL2361LT06766" name="com.qa.gorest.tests.DeleteUserAPITest" tests="1" failures="0" timestamp="2020-06-04T12:19:30 IST" time="3.952" errors="0">
  <testcase name="deleteUserTest" time="3.952" classname="com.qa.gorest.tests.DeleteUserAPITest"/>
  <system-out/>
</testsuite> <!-- com.qa.gorest.tests.DeleteUserAPITest -->
