<?xml version="1.0" encoding="UTF-8"?>
<!-- Generated by org.testng.reporters.JUnitReportReporter -->
<testsuite skipped="0" hostname="AIPL2361LT06766" name="com.qa.gorest.tests.GetUserAPITest" tests="1" failures="0" timestamp="2020-06-04T12:19:30 IST" time="3.399" errors="0">
  <testcase name="getUserListAPITest" time="3.399" classname="com.qa.gorest.tests.GetUserAPITest"/>
  <system-out/>
</testsuite> <!-- com.qa.gorest.tests.GetUserAPITest -->
